Flow report for scan_chain_fsm
Tue May 13 12:09:56 2025
Quartus Prime Version 20.1.0 Build 711 06/05/2020 SJ Lite Edition


---------------------
; Table of Contents ;
---------------------
  1. Legal Notice
  2. Flow Summary
  3. Flow Settings
  4. Flow Non-Default Global Settings
  5. Flow Elapsed Time
  6. Flow OS Summary
  7. Flow Log
  8. Flow Messages
  9. Flow Suppressed Messages



----------------
; Legal Notice ;
----------------
Copyright (C) 2020  Intel Corporation. All rights reserved.
Your use of Intel Corporation's design tools, logic functions 
and other software and tools, and any partner logic 
functions, and any output files from any of the foregoing 
(including device programming or simulation files), and any 
associated documentation or information are expressly subject 
to the terms and conditions of the Intel Program License 
Subscription Agreement, the Intel Quartus Prime License Agreement,
the Intel FPGA IP License Agreement, or other applicable license
agreement, including, without limitation, that your use is for
the sole purpose of programming logic devices manufactured by
Intel and sold by Intel or its authorized distributors.  Please
refer to the applicable agreement for further details, at
https://fpgasoftware.intel.com/eula.



+----------------------------------------------------------------------------------+
; Flow Summary                                                                     ;
+------------------------------------+---------------------------------------------+
; Flow Status                        ; Successful - Tue May 13 12:09:56 2025       ;
; Quartus Prime Version              ; 20.1.0 Build 711 06/05/2020 SJ Lite Edition ;
; Revision Name                      ; scan_chain_fsm                              ;
; Top-level Entity Name              ; scan_chain_fsm                              ;
; Family                             ; Cyclone IV E                                ;
; Device                             ; EP4CE22F17C6                                ;
; Timing Models                      ; Final                                       ;
; Total logic elements               ; 986 / 22,320 ( 4 % )                        ;
;     Total combinational functions  ; 623 / 22,320 ( 3 % )                        ;
;     Dedicated logic registers      ; 782 / 22,320 ( 4 % )                        ;
; Total registers                    ; 782                                         ;
; Total pins                         ; 8 / 154 ( 5 % )                             ;
; Total virtual pins                 ; 0                                           ;
; Total memory bits                  ; 360,448 / 608,256 ( 59 % )                  ;
; Embedded Multiplier 9-bit elements ; 0 / 132 ( 0 % )                             ;
; Total PLLs                         ; 0 / 4 ( 0 % )                               ;
+------------------------------------+---------------------------------------------+


+-----------------------------------------+
; Flow Settings                           ;
+-------------------+---------------------+
; Option            ; Setting             ;
+-------------------+---------------------+
; Start date & time ; 05/13/2025 12:07:12 ;
; Main task         ; Compilation         ;
; Revision Name     ; scan_chain_fsm      ;
+-------------------+---------------------+


+----------------------------------------------------------------------------------------------------------------------------------------------------------------------------------------------------------------------------+
; Flow Non-Default Global Settings                                                                                                                                                                                           ;
+--------------------------------------+-------------------------------------------------------------------------------------------------------------------+---------------+-------------+-----------------------------------+
; Assignment Name                      ; Value                                                                                                             ; Default Value ; Entity Name ; Section Id                        ;
+--------------------------------------+-------------------------------------------------------------------------------------------------------------------+---------------+-------------+-----------------------------------+
; COMPILER_SIGNATURE_ID                ; 13555281853997.174711823203313                                                                                    ; --            ; --          ; --                                ;
; EDA_DESIGN_INSTANCE_NAME             ; NA                                                                                                                ; --            ; --          ; tb_fsm                            ;
; EDA_GENERATE_FUNCTIONAL_NETLIST      ; Off                                                                                                               ; --            ; --          ; eda_board_design_timing           ;
; EDA_GENERATE_FUNCTIONAL_NETLIST      ; Off                                                                                                               ; --            ; --          ; eda_board_design_boundary_scan    ;
; EDA_GENERATE_FUNCTIONAL_NETLIST      ; Off                                                                                                               ; --            ; --          ; eda_board_design_signal_integrity ;
; EDA_GENERATE_FUNCTIONAL_NETLIST      ; Off                                                                                                               ; --            ; --          ; eda_board_design_symbol           ;
; EDA_NATIVELINK_SIMULATION_TEST_BENCH ; tb_fsm                                                                                                            ; --            ; --          ; eda_simulation                    ;
; EDA_OUTPUT_DATA_FORMAT               ; Verilog Hdl                                                                                                       ; --            ; --          ; eda_simulation                    ;
; EDA_SIMULATION_TOOL                  ; ModelSim-Altera (Verilog)                                                                                         ; <None>        ; --          ; --                                ;
; EDA_TEST_BENCH_ENABLE_STATUS         ; TEST_BENCH_MODE                                                                                                   ; --            ; --          ; eda_simulation                    ;
; EDA_TEST_BENCH_FILE                  ; tb_fsm.v                                                                                                          ; --            ; --          ; tb_fsm                            ;
; EDA_TEST_BENCH_MODULE_NAME           ; tb_fsm                                                                                                            ; --            ; --          ; tb_fsm                            ;
; EDA_TEST_BENCH_NAME                  ; tb_fsm                                                                                                            ; --            ; --          ; eda_simulation                    ;
; EDA_TIME_SCALE                       ; 1 ps                                                                                                              ; --            ; --          ; eda_simulation                    ;
; ENABLE_SIGNALTAP                     ; On                                                                                                                ; --            ; --          ; --                                ;
; MAX_CORE_JUNCTION_TEMP               ; 85                                                                                                                ; --            ; --          ; --                                ;
; MIN_CORE_JUNCTION_TEMP               ; 0                                                                                                                 ; --            ; --          ; --                                ;
; NOMINAL_CORE_SUPPLY_VOLTAGE          ; 1.2V                                                                                                              ; --            ; --          ; --                                ;
; PARTITION_COLOR                      ; -- (Not supported for targeted family)                                                                            ; --            ; --          ; Top                               ;
; PARTITION_FITTER_PRESERVATION_LEVEL  ; -- (Not supported for targeted family)                                                                            ; --            ; --          ; Top                               ;
; PARTITION_NETLIST_TYPE               ; -- (Not supported for targeted family)                                                                            ; --            ; --          ; Top                               ;
; POWER_BOARD_THERMAL_MODEL            ; None (CONSERVATIVE)                                                                                               ; --            ; --          ; --                                ;
; POWER_PRESET_COOLING_SOLUTION        ; 23 MM HEAT SINK WITH 200 LFPM AIRFLOW                                                                             ; --            ; --          ; --                                ;
; PROJECT_OUTPUT_DIRECTORY             ; output_files                                                                                                      ; --            ; --          ; --                                ;
; SLD_FILE                             ; db/stp1_auto_stripped.stp                                                                                         ; --            ; --          ; --                                ;
; SLD_NODE_CREATOR_ID                  ; 110                                                                                                               ; --            ; --          ; auto_signaltap_0                  ;
; SLD_NODE_ENTITY_NAME                 ; sld_signaltap                                                                                                     ; --            ; --          ; auto_signaltap_0                  ;
; SLD_NODE_PARAMETER_ASSIGNMENT        ; SLD_RAM_BLOCK_TYPE=AUTO                                                                                           ; --            ; --          ; auto_signaltap_0                  ;
; SLD_NODE_PARAMETER_ASSIGNMENT        ; SLD_NODE_INFO=805334528                                                                                           ; --            ; --          ; auto_signaltap_0                  ;
; SLD_NODE_PARAMETER_ASSIGNMENT        ; SLD_POWER_UP_TRIGGER=0                                                                                            ; --            ; --          ; auto_signaltap_0                  ;
; SLD_NODE_PARAMETER_ASSIGNMENT        ; SLD_STORAGE_QUALIFIER_INVERSION_MASK_LENGTH=0                                                                     ; --            ; --          ; auto_signaltap_0                  ;
; SLD_NODE_PARAMETER_ASSIGNMENT        ; SLD_ATTRIBUTE_MEM_MODE=OFF                                                                                        ; --            ; --          ; auto_signaltap_0                  ;
; SLD_NODE_PARAMETER_ASSIGNMENT        ; SLD_STATE_FLOW_USE_GENERATED=0                                                                                    ; --            ; --          ; auto_signaltap_0                  ;
; SLD_NODE_PARAMETER_ASSIGNMENT        ; SLD_STATE_BITS=11                                                                                                 ; --            ; --          ; auto_signaltap_0                  ;
; SLD_NODE_PARAMETER_ASSIGNMENT        ; SLD_BUFFER_FULL_STOP=1                                                                                            ; --            ; --          ; auto_signaltap_0                  ;
; SLD_NODE_PARAMETER_ASSIGNMENT        ; SLD_CURRENT_RESOURCE_WIDTH=1                                                                                      ; --            ; --          ; auto_signaltap_0                  ;
; SLD_NODE_PARAMETER_ASSIGNMENT        ; SLD_INCREMENTAL_ROUTING=1                                                                                         ; --            ; --          ; auto_signaltap_0                  ;
; SLD_NODE_PARAMETER_ASSIGNMENT        ; SLD_TRIGGER_LEVEL=1                                                                                               ; --            ; --          ; auto_signaltap_0                  ;
; SLD_NODE_PARAMETER_ASSIGNMENT        ; SLD_TRIGGER_IN_ENABLED=0                                                                                          ; --            ; --          ; auto_signaltap_0                  ;
; SLD_NODE_PARAMETER_ASSIGNMENT        ; SLD_TRIGGER_PIPELINE=0                                                                                            ; --            ; --          ; auto_signaltap_0                  ;
; SLD_NODE_PARAMETER_ASSIGNMENT        ; SLD_RAM_PIPELINE=0                                                                                                ; --            ; --          ; auto_signaltap_0                  ;
; SLD_NODE_PARAMETER_ASSIGNMENT        ; SLD_COUNTER_PIPELINE=0                                                                                            ; --            ; --          ; auto_signaltap_0                  ;
; SLD_NODE_PARAMETER_ASSIGNMENT        ; SLD_ADVANCED_TRIGGER_ENTITY=basic,1,                                                                              ; --            ; --          ; auto_signaltap_0                  ;
; SLD_NODE_PARAMETER_ASSIGNMENT        ; SLD_TRIGGER_LEVEL_PIPELINE=1                                                                                      ; --            ; --          ; auto_signaltap_0                  ;
; SLD_NODE_PARAMETER_ASSIGNMENT        ; SLD_ENABLE_ADVANCED_TRIGGER=0                                                                                     ; --            ; --          ; auto_signaltap_0                  ;
; SLD_NODE_PARAMETER_ASSIGNMENT        ; SLD_INVERSION_MASK=0000000000000000000000000000000000000000000000000000000000000000000000000000000000000000000000 ; --            ; --          ; auto_signaltap_0                  ;
; SLD_NODE_PARAMETER_ASSIGNMENT        ; SLD_INVERSION_MASK_LENGTH=94                                                                                      ; --            ; --          ; auto_signaltap_0                  ;
; SLD_NODE_PARAMETER_ASSIGNMENT        ; SLD_DATA_BITS=22                                                                                                  ; --            ; --          ; auto_signaltap_0                  ;
; SLD_NODE_PARAMETER_ASSIGNMENT        ; SLD_TRIGGER_BITS=22                                                                                               ; --            ; --          ; auto_signaltap_0                  ;
; SLD_NODE_PARAMETER_ASSIGNMENT        ; SLD_STORAGE_QUALIFIER_BITS=22                                                                                     ; --            ; --          ; auto_signaltap_0                  ;
; SLD_NODE_PARAMETER_ASSIGNMENT        ; SLD_SEGMENT_SIZE=16384                                                                                            ; --            ; --          ; auto_signaltap_0                  ;
; SLD_NODE_PARAMETER_ASSIGNMENT        ; SLD_SAMPLE_DEPTH=16384                                                                                            ; --            ; --          ; auto_signaltap_0                  ;
; USE_SIGNALTAP_FILE                   ; output_files/stp1.stp                                                                                             ; --            ; --          ; --                                ;
+--------------------------------------+-------------------------------------------------------------------------------------------------------------------+---------------+-------------+-----------------------------------+


+--------------------------------------------------------------------------------------------------------------------------+
; Flow Elapsed Time                                                                                                        ;
+----------------------+--------------+-------------------------+---------------------+------------------------------------+
; Module Name          ; Elapsed Time ; Average Processors Used ; Peak Virtual Memory ; Total CPU Time (on all processors) ;
+----------------------+--------------+-------------------------+---------------------+------------------------------------+
; Analysis & Synthesis ; 00:01:24     ; 1.0                     ; 462 MB              ; 00:03:09                           ;
; Fitter               ; 00:00:31     ; 1.1                     ; 982 MB              ; 00:00:38                           ;
; Assembler            ; 00:00:08     ; 1.0                     ; 358 MB              ; 00:00:08                           ;
; Timing Analyzer      ; 00:00:08     ; 1.1                     ; 493 MB              ; 00:00:08                           ;
; EDA Netlist Writer   ; 00:00:14     ; 1.0                     ; 606 MB              ; 00:00:14                           ;
; Total                ; 00:02:25     ; --                      ; --                  ; 00:04:17                           ;
+----------------------+--------------+-------------------------+---------------------+------------------------------------+


+-------------------------------------------------------------------------------------------+
; Flow OS Summary                                                                           ;
+----------------------+---------------------+----------------+------------+----------------+
; Module Name          ; Machine Hostname    ; OS Name        ; OS Version ; Processor type ;
+----------------------+---------------------+----------------+------------+----------------+
; Analysis & Synthesis ; kriya-Inspiron-5570 ; Ubuntu 22.04.4 ; 22         ; x86_64         ;
; Fitter               ; kriya-Inspiron-5570 ; Ubuntu 22.04.4 ; 22         ; x86_64         ;
; Assembler            ; kriya-Inspiron-5570 ; Ubuntu 22.04.4 ; 22         ; x86_64         ;
; Timing Analyzer      ; kriya-Inspiron-5570 ; Ubuntu 22.04.4 ; 22         ; x86_64         ;
; EDA Netlist Writer   ; kriya-Inspiron-5570 ; Ubuntu 22.04.4 ; 22         ; x86_64         ;
+----------------------+---------------------+----------------+------------+----------------+


------------
; Flow Log ;
------------
quartus_map --read_settings_files=on --write_settings_files=off scan_chain_fsm -c scan_chain_fsm
quartus_fit --read_settings_files=off --write_settings_files=off scan_chain_fsm -c scan_chain_fsm
quartus_asm --read_settings_files=off --write_settings_files=off scan_chain_fsm -c scan_chain_fsm
quartus_sta scan_chain_fsm -c scan_chain_fsm
quartus_eda --read_settings_files=off --write_settings_files=off scan_chain_fsm -c scan_chain_fsm



