Added Member To Class: ClassName=THE_FIRST Member=Component J38 EMPCB.SMAFSTJ.B.HT
Added Room: Name=U_BUFFER1
Added Room: Name=U_BUFFER2
Added Room: Name=U_BUFFER_ATOB
Added Room: Name=U_DP1
Added Room: Name=U_DP2
Added Room: Name=U_DP101
Added Room: Name=U_DP102
Added Room: Name=U_ldo1
Added Room: Name=U_ldo1.1
Added Room: Name=U_ldo2
Added Room: Name=U_ldo3
Added Room: Name=U_LDO3.31
Added Room: Name=U_LDO3.32
Added Room: Name=U_ldo4
Added Room: Name=U_ldo5
Added Room: Name=U_ldo6
Added Room: Name=U_ldo7
Added Room: Name=U_ldo8
Added Room: Name=U_lm334sm1
Added Room: Name=U_lm334sm2
Added Room: Name=U_lm334sm3
Added Room: Name=U_lm334sm4
Added Rule: Name=Schematic Supply Nets
