Added Component: Designator=U2(MODULE_P0082_BOTTOMMOUNT)
Add component (AddParameter): Name = "Check_prices"; Value = "https://www.snapeda.com/parts/P0082/Terasic+Inc./view-part/?ref=eda"; VariantName = "[No Variations]"
Add component (AddParameter): Name = "MF"; Value = "Terasic Inc."; VariantName = "[No Variations]"
Add component (AddParameter): Name = "MP"; Value = "P0082"; VariantName = "[No Variations]"
Add component (AddParameter): Name = "Package"; Value = "None"; VariantName = "[No Variations]"
Add component (AddParameter): Name = "SnapEDA_Link"; Value = "https://www.snapeda.com/parts/P0082/Terasic+Inc./view-part/?ref=snap"; VariantName = "[No Variations]"
Add component (AddParameter): Name = "Value"; Value = ""; VariantName = "[No Variations]"
Added Pin To Net: NetName=CLK2 Pin=U2-JP1_4
Added Pin To Net: NetName=SDI2 Pin=U2-JP1_6
Added Pin To Net: NetName=RESETA2 Pin=U2-JP1_8
Added Pin To Net: NetName=CSA2 Pin=U2-JP1_10
Added Pin To Net: NetName=VDD_fpga Pin=U2-JP1_11
Added Pin To Net: NetName=GND Pin=U2-JP1_12
Added Pin To Net: NetName=GND Pin=U2-JP1_30
Added Pin To Net: NetName=RESETA1 Pin=U2-JP1_34
Added Pin To Net: NetName=CSA1 Pin=U2-JP1_36
Added Pin To Net: NetName=SDI1 Pin=U2-JP1_38
Added Pin To Net: NetName=CLK1 Pin=U2-JP1_40
Added Pin To Net: NetName=VDD_fpga Pin=U2-JP2_11
Added Pin To Net: NetName=GND Pin=U2-JP2_12
Added Pin To Net: NetName=VDD3.3_fpga Pin=U2-JP2_29
Added Pin To Net: NetName=GND Pin=U2-JP2_30
Added Pin To Net: NetName=DOUT1B Pin=U2-JP2_34
Added Pin To Net: NetName=SC2B Pin=U2-JP2_35
Added Pin To Net: NetName=SC3B Pin=U2-JP2_37
Added Pin To Net: NetName=SC1B Pin=U2-JP2_39
Added Member To Class: ClassName=THE_FIRST Member=Component U2 P0082_BOTTOMMOUNT
