Removed Pin From Net: NetName=GND Pin=Arduino Uno-GND1
Removed Pin From Net: NetName=VDD Pin=Arduino Uno-Vin
Removed Pin From Net: NetName=VDD Pin=U11-14
Removed Member From Class: ClassName=THE_FIRST Member=Arduino Uno
Add Component: Footprint Not Found PCBComponent_1
Added Pin To Net: NetName=GND Pin=U11-14
Add Pin To Net: Unknown Pin: Pin U12-29
Add Pin To Net: Unknown Pin: Pin U12-30
Added Pin To Net: NetName=NetU9_11 Pin=U9-11
Added Pin To Net: NetName=NetU9_11 Pin=U11-11
Added Net: Name=NetU9_11
Added Pin To Net: NetName=NetU9_12 Pin=U9-12
Added Pin To Net: NetName=NetU9_12 Pin=U11-12
Added Net: Name=NetU9_12
Added Pin To Net: NetName=NetU10_3 Pin=U10-3
Added Net: Name=NetU10_3
Added Pin To Net: NetName=NetU10_9 Pin=U10-9
Added Net: Name=NetU10_9
Added Pin To Net: NetName=NetU10_10 Pin=U10-10
Added Net: Name=NetU10_10
Added Pin To Net: NetName=NetU10_11 Pin=U10-11
Added Net: Name=NetU10_11
Add Class Member: Failed to add class member : Component U12 Arduino Nano
