Added Pin To Net: NetName=VDD Pin=C1-1
Added Pin To Net: NetName=GND Pin=C1-2
Added Pin To Net: NetName=GND Pin=C2-1
Added Pin To Net: NetName=VDD Pin=C2-2
Added Pin To Net: NetName=GND Pin=C3-1
Added Pin To Net: NetName=ResH2 Pin=C3-2
Added Pin To Net: NetName=GND Pin=C4-1
Added Pin To Net: NetName=ResH3 Pin=C4-2
Added Pin To Net: NetName=GND Pin=C5-1
Added Pin To Net: NetName=ResH4 Pin=C5-2
Added Pin To Net: NetName=GND Pin=C6-1
Added Pin To Net: NetName=ResH1 Pin=C6-2
Added Pin To Net: NetName=GND Pin=C7-1
Added Pin To Net: NetName=VDD Pin=C7-2
Added Pin To Net: NetName=GND Pin=C8-1
Added Pin To Net: NetName=ResH2 Pin=C8-2
Added Pin To Net: NetName=GND Pin=C9-1
Added Pin To Net: NetName=VDD Pin=C9-2
Added Pin To Net: NetName=GND Pin=C10-1
Added Pin To Net: NetName=ResH3 Pin=C10-2
Added Pin To Net: NetName=GND Pin=C11-1
Added Pin To Net: NetName=VDD Pin=C11-2
Added Pin To Net: NetName=GND Pin=C12-1
Added Pin To Net: NetName=ResH4 Pin=C12-2
Added Pin To Net: NetName=GND Pin=C13-1
Added Pin To Net: NetName=VDD Pin=C13-2
Added Pin To Net: NetName=GND Pin=C14-1
Added Pin To Net: NetName=ResH1 Pin=C14-2
Added Pin To Net: NetName=GND Pin=C15-1
Added Pin To Net: NetName=VDD Pin=C15-2
Added Pin To Net: NetName=GND Pin=C16-1
Added Pin To Net: NetName=VDD Pin=C16-2
Added Pin To Net: NetName=GND Pin=C17-1
Added Pin To Net: NetName=VDD Pin=C17-2
Added Pin To Net: NetName=GND Pin=C18-1
Added Pin To Net: NetName=VDD Pin=C18-2
Added Pin To Net: NetName=GND Pin=C19-1
Added Pin To Net: NetName=NetC19_2 Pin=C19-2
Added Pin To Net: NetName=GND Pin=C20-1
Added Pin To Net: NetName=NetC20_2 Pin=C20-2
Added Pin To Net: NetName=GND Pin=C21-1
Added Pin To Net: NetName=NetC21_2 Pin=C21-2
Added Pin To Net: NetName=GND Pin=C22-1
Added Pin To Net: NetName=NetC22_2 Pin=C22-2
Added Pin To Net: NetName=GND Pin=C23-1
Added Pin To Net: NetName=ResH6 Pin=C23-2
Added Pin To Net: NetName=GND Pin=C24-1
Added Pin To Net: NetName=ResH7 Pin=C24-2
Added Pin To Net: NetName=GND Pin=C25-1
Added Pin To Net: NetName=ResH8 Pin=C25-2
Added Pin To Net: NetName=GND Pin=C26-1
Added Pin To Net: NetName=ResH5 Pin=C26-2
Added Pin To Net: NetName=GND Pin=C27-1
Added Pin To Net: NetName=VDD Pin=C27-2
Added Pin To Net: NetName=GND Pin=C28-1
Added Pin To Net: NetName=ResH6 Pin=C28-2
Added Pin To Net: NetName=GND Pin=C29-1
Added Pin To Net: NetName=VDD Pin=C29-2
Added Pin To Net: NetName=GND Pin=C30-1
Added Pin To Net: NetName=ResH7 Pin=C30-2
Added Pin To Net: NetName=GND Pin=C31-1
Added Pin To Net: NetName=VDD Pin=C31-2
Added Pin To Net: NetName=GND Pin=C32-1
Added Pin To Net: NetName=ResH8 Pin=C32-2
Added Pin To Net: NetName=GND Pin=C33-1
Added Pin To Net: NetName=VDD Pin=C33-2
Added Pin To Net: NetName=GND Pin=C34-1
Added Pin To Net: NetName=ResH5 Pin=C34-2
Added Pin To Net: NetName=GND Pin=C35-1
Added Pin To Net: NetName=VDD Pin=C35-2
Added Pin To Net: NetName=GND Pin=C36-1
Added Pin To Net: NetName=VDD Pin=C36-2
Added Pin To Net: NetName=GND Pin=C37-1
Added Pin To Net: NetName=VDD Pin=C37-2
Added Pin To Net: NetName=GND Pin=C38-1
Added Pin To Net: NetName=VDD Pin=C38-2
Added Pin To Net: NetName=GND Pin=C39-1
Added Pin To Net: NetName=NetC39_2 Pin=C39-2
Added Pin To Net: NetName=GND Pin=C40-1
Added Pin To Net: NetName=NetC40_2 Pin=C40-2
Added Pin To Net: NetName=GND Pin=C41-1
Added Pin To Net: NetName=NetC41_2 Pin=C41-2
Added Pin To Net: NetName=GND Pin=C42-1
Added Pin To Net: NetName=NetC42_2 Pin=C42-2
Added Pin To Net: NetName=VDD Pin=J1-1
Added Pin To Net: NetName=GND Pin=J1-2
Added Pin To Net: NetName=GND Pin=J1-3
Added Pin To Net: NetName=NetR1_1 Pin=R1-1
Added Pin To Net: NetName=ResH2 Pin=R1-2
Added Pin To Net: NetName=NetR2_1 Pin=R2-1
Added Pin To Net: NetName=ResH3 Pin=R2-2
Added Pin To Net: NetName=NetR3_1 Pin=R3-1
Added Pin To Net: NetName=ResH4 Pin=R3-2
Added Pin To Net: NetName=NetR4_1 Pin=R4-1
Added Pin To Net: NetName=ResH1 Pin=R4-2
Added Pin To Net: NetName=GND Pin=R5-1
Added Pin To Net: NetName=ResL2 Pin=R5-2
Added Pin To Net: NetName=GND Pin=R6-1
Added Pin To Net: NetName=ResL3 Pin=R6-2
Added Pin To Net: NetName=GND Pin=R7-1
Added Pin To Net: NetName=ResL4 Pin=R7-2
Added Pin To Net: NetName=GND Pin=R8-1
Added Pin To Net: NetName=ResL1 Pin=R8-2
Added Pin To Net: NetName=NetR9_1 Pin=R9-1
Added Pin To Net: NetName=ResH6 Pin=R9-2
Added Pin To Net: NetName=NetR10_1 Pin=R10-1
Added Pin To Net: NetName=ResH7 Pin=R10-2
Added Pin To Net: NetName=NetR11_1 Pin=R11-1
Added Pin To Net: NetName=ResH8 Pin=R11-2
Added Pin To Net: NetName=NetR12_1 Pin=R12-1
Added Pin To Net: NetName=ResH5 Pin=R12-2
Added Pin To Net: NetName=GND Pin=R13-1
Added Pin To Net: NetName=ResL6 Pin=R13-2
Added Pin To Net: NetName=GND Pin=R14-1
Added Pin To Net: NetName=ResL7 Pin=R14-2
Added Pin To Net: NetName=GND Pin=R15-1
Added Pin To Net: NetName=ResL8 Pin=R15-2
Added Pin To Net: NetName=GND Pin=R16-1
Added Pin To Net: NetName=ResL5 Pin=R16-2
Added Pin To Net: NetName=ResH2 Pin=U1-1
Added Pin To Net: NetName=ResL2 Pin=U1-3
Added Pin To Net: NetName=NetR1_1 Pin=U1-4
Added Pin To Net: NetName=GND Pin=U1-8
Added Pin To Net: NetName=NetC19_2 Pin=U1-13
Added Pin To Net: NetName=VDD Pin=U1-14
Added Pin To Net: NetName=VDD Pin=U1-15
Added Pin To Net: NetName=VDD Pin=U1-16
Added Pin To Net: NetName=VDD Pin=U1-17
Added Pin To Net: NetName=GND Pin=U1-18
Added Pin To Net: NetName=ResH2 Pin=U1-19
Added Pin To Net: NetName=ResH2 Pin=U1-20
Added Pin To Net: NetName=ResH3 Pin=U2-1
Added Pin To Net: NetName=ResL3 Pin=U2-3
Added Pin To Net: NetName=NetR2_1 Pin=U2-4
Added Pin To Net: NetName=GND Pin=U2-8
Added Pin To Net: NetName=NetC20_2 Pin=U2-13
Added Pin To Net: NetName=VDD Pin=U2-14
Added Pin To Net: NetName=VDD Pin=U2-15
Added Pin To Net: NetName=VDD Pin=U2-16
Added Pin To Net: NetName=VDD Pin=U2-17
Added Pin To Net: NetName=GND Pin=U2-18
Added Pin To Net: NetName=ResH3 Pin=U2-19
Added Pin To Net: NetName=ResH3 Pin=U2-20
Added Pin To Net: NetName=ResH4 Pin=U3-1
Added Pin To Net: NetName=ResL4 Pin=U3-3
Added Pin To Net: NetName=NetR3_1 Pin=U3-4
Added Pin To Net: NetName=GND Pin=U3-8
Added Pin To Net: NetName=NetC21_2 Pin=U3-13
Added Pin To Net: NetName=VDD Pin=U3-14
Added Pin To Net: NetName=VDD Pin=U3-15
Added Pin To Net: NetName=VDD Pin=U3-16
Added Pin To Net: NetName=VDD Pin=U3-17
Added Pin To Net: NetName=GND Pin=U3-18
Added Pin To Net: NetName=ResH4 Pin=U3-19
Added Pin To Net: NetName=ResH4 Pin=U3-20
Added Pin To Net: NetName=ResH1 Pin=U4-1
Added Pin To Net: NetName=ResL1 Pin=U4-3
Added Pin To Net: NetName=NetR4_1 Pin=U4-4
Added Pin To Net: NetName=GND Pin=U4-8
Added Pin To Net: NetName=NetC22_2 Pin=U4-13
Added Pin To Net: NetName=VDD Pin=U4-14
Added Pin To Net: NetName=VDD Pin=U4-15
Added Pin To Net: NetName=VDD Pin=U4-16
Added Pin To Net: NetName=VDD Pin=U4-17
Added Pin To Net: NetName=GND Pin=U4-18
Added Pin To Net: NetName=ResH1 Pin=U4-19
Added Pin To Net: NetName=ResH1 Pin=U4-20
Added Pin To Net: NetName=ResH6 Pin=U5-1
Added Pin To Net: NetName=ResL6 Pin=U5-3
Added Pin To Net: NetName=NetR9_1 Pin=U5-4
Added Pin To Net: NetName=GND Pin=U5-8
Added Pin To Net: NetName=NetC39_2 Pin=U5-13
Added Pin To Net: NetName=VDD Pin=U5-14
Added Pin To Net: NetName=VDD Pin=U5-15
Added Pin To Net: NetName=VDD Pin=U5-16
Added Pin To Net: NetName=VDD Pin=U5-17
Added Pin To Net: NetName=GND Pin=U5-18
Added Pin To Net: NetName=ResH6 Pin=U5-19
Added Pin To Net: NetName=ResH6 Pin=U5-20
Added Pin To Net: NetName=ResH7 Pin=U6-1
Added Pin To Net: NetName=ResL7 Pin=U6-3
Added Pin To Net: NetName=NetR10_1 Pin=U6-4
Added Pin To Net: NetName=GND Pin=U6-8
Added Pin To Net: NetName=NetC40_2 Pin=U6-13
Added Pin To Net: NetName=VDD Pin=U6-14
Added Pin To Net: NetName=VDD Pin=U6-15
Added Pin To Net: NetName=VDD Pin=U6-16
Added Pin To Net: NetName=VDD Pin=U6-17
Added Pin To Net: NetName=GND Pin=U6-18
Added Pin To Net: NetName=ResH7 Pin=U6-19
Added Pin To Net: NetName=ResH7 Pin=U6-20
Added Pin To Net: NetName=ResH8 Pin=U7-1
Added Pin To Net: NetName=ResL8 Pin=U7-3
Added Pin To Net: NetName=NetR11_1 Pin=U7-4
Added Pin To Net: NetName=GND Pin=U7-8
Added Pin To Net: NetName=NetC41_2 Pin=U7-13
Added Pin To Net: NetName=VDD Pin=U7-14
Added Pin To Net: NetName=VDD Pin=U7-15
Added Pin To Net: NetName=VDD Pin=U7-16
Added Pin To Net: NetName=VDD Pin=U7-17
Added Pin To Net: NetName=GND Pin=U7-18
Added Pin To Net: NetName=ResH8 Pin=U7-19
Added Pin To Net: NetName=ResH8 Pin=U7-20
Added Pin To Net: NetName=ResH5 Pin=U8-1
Added Pin To Net: NetName=ResL5 Pin=U8-3
Added Pin To Net: NetName=NetR12_1 Pin=U8-4
Added Pin To Net: NetName=GND Pin=U8-8
Added Pin To Net: NetName=NetC42_2 Pin=U8-13
Added Pin To Net: NetName=VDD Pin=U8-14
Added Pin To Net: NetName=VDD Pin=U8-15
Added Pin To Net: NetName=VDD Pin=U8-16
Added Pin To Net: NetName=VDD Pin=U8-17
Added Pin To Net: NetName=GND Pin=U8-18
Added Pin To Net: NetName=ResH5 Pin=U8-19
Added Pin To Net: NetName=ResH5 Pin=U8-20
Added Pin To Net: NetName=ResL1 Pin=U9-1
Added Pin To Net: NetName=ResH1 Pin=U9-2
Added Pin To Net: NetName=ResL1 Pin=U9-3
Added Pin To Net: NetName=ResL3 Pin=U9-4
Added Pin To Net: NetName=ResH3 Pin=U9-5
Added Pin To Net: NetName=ResL3 Pin=U9-6
Added Pin To Net: NetName=VDD Pin=U9-7
Added Pin To Net: NetName=GND Pin=U9-8
Added Pin To Net: NetName=VDD Pin=U9-9
Added Pin To Net: NetName=VDD Pin=U9-10
Added Pin To Net: NetName=NetArduino Uno_SDA Pin=U9-11
Added Pin To Net: NetName=NetArduino Uno_SCL Pin=U9-12
Added Pin To Net: NetName=GND Pin=U9-13
Added Pin To Net: NetName=GND Pin=U9-14
Added Pin To Net: NetName=VDD Pin=U9-15
Added Pin To Net: NetName=GND Pin=U9-18
Added Pin To Net: NetName=ResL4 Pin=U9-19
Added Pin To Net: NetName=ResH4 Pin=U9-20
Added Pin To Net: NetName=ResL4 Pin=U9-21
Added Pin To Net: NetName=ResL2 Pin=U9-22
Added Pin To Net: NetName=ResH2 Pin=U9-23
Added Pin To Net: NetName=ResL2 Pin=U9-24
Added Pin To Net: NetName=ResH5 Pin=U10-1
Added Pin To Net: NetName=ResH7 Pin=U10-2
Added Pin To Net: NetName=NetArduino Uno_A0 Pin=U10-3
Added Pin To Net: NetName=ResH8 Pin=U10-4
Added Pin To Net: NetName=ResH6 Pin=U10-5
Added Pin To Net: NetName=GND Pin=U10-6
Added Pin To Net: NetName=GND Pin=U10-8
Added Pin To Net: NetName=NetArduino Uno_9 Pin=U10-9
Added Pin To Net: NetName=NetArduino Uno_10 Pin=U10-10
Added Pin To Net: NetName=NetArduino Uno_11 Pin=U10-11
Added Pin To Net: NetName=ResH4 Pin=U10-12
Added Pin To Net: NetName=ResH1 Pin=U10-13
Added Pin To Net: NetName=ResH2 Pin=U10-14
Added Pin To Net: NetName=ResH3 Pin=U10-15
Added Pin To Net: NetName=VDD Pin=U10-16
Added Pin To Net: NetName=ResL5 Pin=U11-1
Added Pin To Net: NetName=ResH5 Pin=U11-2
Added Pin To Net: NetName=ResL5 Pin=U11-3
Added Pin To Net: NetName=ResL7 Pin=U11-4
Added Pin To Net: NetName=ResH7 Pin=U11-5
Added Pin To Net: NetName=ResL7 Pin=U11-6
Added Pin To Net: NetName=VDD Pin=U11-7
Added Pin To Net: NetName=GND Pin=U11-8
Added Pin To Net: NetName=VDD Pin=U11-9
Added Pin To Net: NetName=VDD Pin=U11-10
Added Pin To Net: NetName=NetArduino Uno_SDA Pin=U11-11
Added Pin To Net: NetName=NetArduino Uno_SCL Pin=U11-12
Added Pin To Net: NetName=GND Pin=U11-13
Added Pin To Net: NetName=GND Pin=U11-14
Added Pin To Net: NetName=VDD Pin=U11-15
Added Pin To Net: NetName=GND Pin=U11-18
Added Pin To Net: NetName=ResL8 Pin=U11-19
Added Pin To Net: NetName=ResH8 Pin=U11-20
Added Pin To Net: NetName=ResL8 Pin=U11-21
Added Pin To Net: NetName=ResL6 Pin=U11-22
Added Pin To Net: NetName=ResH6 Pin=U11-23
Added Pin To Net: NetName=ResL6 Pin=U11-24
Added Member To Class: ClassName=THE_FIRST Member=Component Arduino Uno
Added Member To Class: ClassName=THE_FIRST Member=Component C1 GRM32ER71A476ME15L
Added Member To Class: ClassName=THE_FIRST Member=Component C2 CAP 100nF 16V 1210(3225)
Added Member To Class: ClassName=THE_FIRST Member=Component C3 CAP 100nF 16V 1210(3225)
Added Member To Class: ClassName=THE_FIRST Member=Component C4 CAP 100nF 16V 1210(3225)
Added Member To Class: ClassName=THE_FIRST Member=Component C5 CAP 100nF 16V 1210(3225)
Added Member To Class: ClassName=THE_FIRST Member=Component C6 CAP 100nF 16V 1210(3225)
Added Member To Class: ClassName=THE_FIRST Member=Component C7 CAP 10uF 16V 1206(3216)
Added Member To Class: ClassName=THE_FIRST Member=Component C8 GRM32ER71C226KE18L
Added Member To Class: ClassName=THE_FIRST Member=Component C9 CAP 10uF 16V 1206(3216)
Added Member To Class: ClassName=THE_FIRST Member=Component C10 GRM32ER71C226KE18L
Added Member To Class: ClassName=THE_FIRST Member=Component C11 CAP 10uF 16V 1206(3216)
Added Member To Class: ClassName=THE_FIRST Member=Component C12 GRM32ER71C226KE18L
Added Member To Class: ClassName=THE_FIRST Member=Component C13 CAP 10uF 16V 1206(3216)
Added Member To Class: ClassName=THE_FIRST Member=Component C14 GRM32ER71C226KE18L
Added Member To Class: ClassName=THE_FIRST Member=Component C15 CAP 100nF 16V 1210(3225)
Added Member To Class: ClassName=THE_FIRST Member=Component C16 CAP 100nF 16V 1210(3225)
Added Member To Class: ClassName=THE_FIRST Member=Component C17 CAP 100nF 16V 1210(3225)
Added Member To Class: ClassName=THE_FIRST Member=Component C18 CAP 100nF 16V 1210(3225)
Added Member To Class: ClassName=THE_FIRST Member=Component C19 C0805C105J4RACTU
Added Member To Class: ClassName=THE_FIRST Member=Component C20 C0805C105J4RACTU
Added Member To Class: ClassName=THE_FIRST Member=Component C21 C0805C105J4RACTU
Added Member To Class: ClassName=THE_FIRST Member=Component C22 C0805C105J4RACTU
Added Member To Class: ClassName=THE_FIRST Member=Component C23 CAP 100nF 16V 1210(3225)
Added Member To Class: ClassName=THE_FIRST Member=Component C24 CAP 100nF 16V 1210(3225)
Added Member To Class: ClassName=THE_FIRST Member=Component C25 CAP 100nF 16V 1210(3225)
Added Member To Class: ClassName=THE_FIRST Member=Component C26 CAP 100nF 16V 1210(3225)
Added Member To Class: ClassName=THE_FIRST Member=Component C27 CAP 10uF 16V 1206(3216)
Added Member To Class: ClassName=THE_FIRST Member=Component C28 GRM32ER71C226KE18L
Added Member To Class: ClassName=THE_FIRST Member=Component C29 CAP 10uF 16V 1206(3216)
Added Member To Class: ClassName=THE_FIRST Member=Component C30 GRM32ER71C226KE18L
Added Member To Class: ClassName=THE_FIRST Member=Component C31 CAP 10uF 16V 1206(3216)
Added Member To Class: ClassName=THE_FIRST Member=Component C32 GRM32ER71C226KE18L
Added Member To Class: ClassName=THE_FIRST Member=Component C33 CAP 10uF 16V 1206(3216)
Added Member To Class: ClassName=THE_FIRST Member=Component C34 GRM32ER71C226KE18L
Added Member To Class: ClassName=THE_FIRST Member=Component C35 CAP 100nF 16V 1210(3225)
Added Member To Class: ClassName=THE_FIRST Member=Component C36 CAP 100nF 16V 1210(3225)
Added Member To Class: ClassName=THE_FIRST Member=Component C37 CAP 100nF 16V 1210(3225)
Added Member To Class: ClassName=THE_FIRST Member=Component C38 CAP 100nF 16V 1210(3225)
Added Member To Class: ClassName=THE_FIRST Member=Component C39 C0805C105J4RACTU
Added Member To Class: ClassName=THE_FIRST Member=Component C40 C0805C105J4RACTU
Added Member To Class: ClassName=THE_FIRST Member=Component C41 C0805C105J4RACTU
Added Member To Class: ClassName=THE_FIRST Member=Component C42 C0805C105J4RACTU
Added Member To Class: ClassName=THE_FIRST Member=Component J1 694101308002
Added Member To Class: ClassName=THE_FIRST Member=Component R1 ERJ-1GNF1002C
Added Member To Class: ClassName=THE_FIRST Member=Component R2 ERJ-1GNF1002C
Added Member To Class: ClassName=THE_FIRST Member=Component R3 ERJ-1GNF1002C
Added Member To Class: ClassName=THE_FIRST Member=Component R4 ERJ-1GNF1002C
Added Member To Class: ClassName=THE_FIRST Member=Component R5 RN73R1ETTP1262B25
Added Member To Class: ClassName=THE_FIRST Member=Component R6 RN73R1ETTP1262B25
Added Member To Class: ClassName=THE_FIRST Member=Component R7 RN73R1ETTP1262B25
Added Member To Class: ClassName=THE_FIRST Member=Component R8 RN73R1ETTP1262B25
Added Member To Class: ClassName=THE_FIRST Member=Component R9 ERJ-1GNF1002C
Added Member To Class: ClassName=THE_FIRST Member=Component R10 ERJ-1GNF1002C
Added Member To Class: ClassName=THE_FIRST Member=Component R11 ERJ-1GNF1002C
Added Member To Class: ClassName=THE_FIRST Member=Component R12 ERJ-1GNF1002C
Added Member To Class: ClassName=THE_FIRST Member=Component R13 RN73R1ETTP1262B25
Added Member To Class: ClassName=THE_FIRST Member=Component R14 RN73R1ETTP1262B25
Added Member To Class: ClassName=THE_FIRST Member=Component R15 RN73R1ETTP1262B25
Added Member To Class: ClassName=THE_FIRST Member=Component R16 RN73R1ETTP1262B25
Added Member To Class: ClassName=THE_FIRST Member=Component U1 RAA214023GNP#HCA
Added Member To Class: ClassName=THE_FIRST Member=Component U2 RAA214023GNP#HCA
Added Member To Class: ClassName=THE_FIRST Member=Component U3 RAA214023GNP#HCA
Added Member To Class: ClassName=THE_FIRST Member=Component U4 RAA214023GNP#HCA
Added Member To Class: ClassName=THE_FIRST Member=Component U5 RAA214023GNP#HCA
Added Member To Class: ClassName=THE_FIRST Member=Component U6 RAA214023GNP#HCA
Added Member To Class: ClassName=THE_FIRST Member=Component U7 RAA214023GNP#HCA
Added Member To Class: ClassName=THE_FIRST Member=Component U8 RAA214023GNP#HCA
Added Member To Class: ClassName=THE_FIRST Member=Component U9 AD5263BRUZ50-REEL7
Added Member To Class: ClassName=THE_FIRST Member=Component U10 TMUX1308PWR
Added Member To Class: ClassName=THE_FIRST Member=Component U11 AD5263BRUZ50-REEL7
