Removed Pin From Net: NetName=DOUT1B Pin=U2-JP1_34
Removed Pin From Net: NetName=SC2B Pin=U2-JP1_35
Removed Pin From Net: NetName=SC3B Pin=U2-JP1_37
Removed Pin From Net: NetName=SC1B Pin=U2-JP1_39
Removed Pin From Net: NetName=CLK2 Pin=U2-JP2_4
Removed Pin From Net: NetName=SDI2 Pin=U2-JP2_6
Removed Pin From Net: NetName=RESETA2 Pin=U2-JP2_8
Removed Pin From Net: NetName=CSA2 Pin=U2-JP2_10
Removed Pin From Net: NetName=RESETA1 Pin=U2-JP2_34
Removed Pin From Net: NetName=CSA1 Pin=U2-JP2_36
Removed Pin From Net: NetName=SDI1 Pin=U2-JP2_38
Removed Pin From Net: NetName=CLK1 Pin=U2-JP2_40
Added Pin To Net: NetName=CLK1 Pin=U2-JP1_2
Added Pin To Net: NetName=SDI1 Pin=U2-JP1_4
Added Pin To Net: NetName=CSA1 Pin=U2-JP1_6
Added Pin To Net: NetName=RESETA1 Pin=U2-JP1_8
Added Pin To Net: NetName=CSA2 Pin=U2-JP1_26
Added Pin To Net: NetName=RESETA2 Pin=U2-JP1_28
Added Pin To Net: NetName=SDI2 Pin=U2-JP1_32
Added Pin To Net: NetName=CLK2 Pin=U2-JP1_34
Added Pin To Net: NetName=SC1B Pin=U2-JP2_3
Added Pin To Net: NetName=SC3B Pin=U2-JP2_7
Added Pin To Net: NetName=SC2B Pin=U2-JP2_9
Added Pin To Net: NetName=DOUT1B Pin=U2-JP2_14
