Removed Pin From Net: NetName=VDD1.1 Pin=C8C-1
Removed Pin From Net: NetName=GND Pin=C8C-2
Removed Pin From Net: NetName=VDD3.3 Pin=C9C-1
Removed Pin From Net: NetName=GND Pin=C9C-2
Removed Pin From Net: NetName=VDD1.1 Pin=C10C-1
Removed Pin From Net: NetName=GND Pin=C10C-2
Removed Pin From Net: NetName=VDD3.3 Pin=C11C-1
Removed Pin From Net: NetName=GND Pin=C11C-2
Removed Pin From Net: NetName=SC1A2 Pin=J12-1
Removed Pin From Net: NetName=GND Pin=J12-2
Removed Pin From Net: NetName=GND Pin=J12-3
Removed Pin From Net: NetName=GND Pin=J12-4
Removed Pin From Net: NetName=GND Pin=J12-5
Removed Pin From Net: NetName=SC2A1 Pin=J36-1
Removed Pin From Net: NetName=GND Pin=J36-2
Removed Pin From Net: NetName=GND Pin=J36-3
Removed Pin From Net: NetName=GND Pin=J36-4
Removed Pin From Net: NetName=GND Pin=J36-5
Removed Pin From Net: NetName=SC1A1 Pin=J37-1
Removed Pin From Net: NetName=GND Pin=J37-2
Removed Pin From Net: NetName=GND Pin=J37-3
Removed Pin From Net: NetName=GND Pin=J37-4
Removed Pin From Net: NetName=GND Pin=J37-5
Removed Pin From Net: NetName=SC2A2 Pin=J38-1
Removed Pin From Net: NetName=GND Pin=J38-2
Removed Pin From Net: NetName=GND Pin=J38-3
Removed Pin From Net: NetName=GND Pin=J38-4
Removed Pin From Net: NetName=GND Pin=J38-5
Removed Pin From Net: NetName=GND Pin=J39-2
Removed Pin From Net: NetName=GND Pin=J39-3
Removed Pin From Net: NetName=GND Pin=J39-4
Removed Pin From Net: NetName=GND Pin=J39-5
Removed Pin From Net: NetName=GND Pin=J40-2
Removed Pin From Net: NetName=GND Pin=J40-3
Removed Pin From Net: NetName=GND Pin=J40-4
Removed Pin From Net: NetName=GND Pin=J40-5
Removed Pin From Net: NetName=DOUT1A Pin=J41-1
Removed Pin From Net: NetName=GND Pin=J41-2
Removed Pin From Net: NetName=GND Pin=J41-3
Removed Pin From Net: NetName=GND Pin=J41-4
Removed Pin From Net: NetName=GND Pin=J41-5
Removed Pin From Net: NetName=DOUT2B Pin=J42-1
Removed Pin From Net: NetName=GND Pin=J42-2
Removed Pin From Net: NetName=GND Pin=J42-3
Removed Pin From Net: NetName=GND Pin=J42-4
Removed Pin From Net: NetName=GND Pin=J42-5
Removed Pin From Net: NetName=VDD1.1 Pin=R6C-1
Removed Pin From Net: NetName=GND Pin=U7C-1
Removed Pin From Net: NetName=GND Pin=U7C-3
Removed Pin From Net: NetName=VDD3.3 Pin=U7C-6
Removed Pin From Net: NetName=VDD1.1 Pin=U7C-7
Removed Pin From Net: NetName=GND Pin=U7C-10
Removed Pin From Net: NetName=DOUT2B Pin=U8-9
Removed Member From Class: ClassName=THE_FIRST Member=J12
Removed Member From Class: ClassName=THE_FIRST Member=J36
Removed Member From Class: ClassName=THE_FIRST Member=J37
Removed Member From Class: ClassName=THE_FIRST Member=J38
Removed Member From Class: ClassName=THE_FIRST Member=J39
Removed Member From Class: ClassName=THE_FIRST Member=J40
Removed Member From Class: ClassName=THE_FIRST Member=J41
Removed Member From Class: ClassName=THE_FIRST Member=J42
Removed Member From Class: ClassName=BUFFER_BTOA Member=U_BUFFER3
Added Component: Designator=J?(FP-EMPCB_SMAFSTJ_B_HT-MFG)
Add component (AddParameter): Name = "Automotive"; Value = "No"; VariantName = "[No Variations]"
Add component (AddParameter): Name = "Category"; Value = "Conn"; VariantName = "[No Variations]"
Add component (AddParameter): Name = "ComponentLink1Description"; Value = "https://datasheet.ciiva.com/7002/empcb-smafstj-b-ht-7002266.pdf?src-supplier=Digikey"; VariantName = "[No Variations]"
Add component (AddParameter): Name = "ComponentLink1URL"; Value = "https://datasheet.ciiva.com/7002/empcb-smafstj-b-ht-7002266.pdf?src-supplier=Digikey"; VariantName = "[No Variations]"
Add component (AddParameter): Name = "ComponentLink2Description"; Value = "Datasheet"; VariantName = "[No Variations]"
Add component (AddParameter): Name = "ComponentLink2URL"; Value = "https://cdn.taoglas.com/datasheets/EMPCB.SMAFSTJ.B.HT.pdf"; VariantName = "[No Variations]"
Add component (AddParameter): Name = "ComponentLink3Description"; Value = "https://datasheet.ciiva.com/12398/empcb-smafstj-b-ht-19975-12398062.pdf?src-supplier=Mouser"; VariantName = "[No Variations]"
Add component (AddParameter): Name = "ComponentLink3URL"; Value = "https://datasheet.ciiva.com/12398/empcb-smafstj-b-ht-19975-12398062.pdf?src-supplier=Mouser"; VariantName = "[No Variations]"
Add component (AddParameter): Name = "Conn Orientation"; Value = "Horizontal"; VariantName = "[No Variations]"
Add component (AddParameter): Name = "Contact Material"; Value = "Gold"; VariantName = "[No Variations]"
Add component (AddParameter): Name = "Device Class L1"; Value = "Connectors"; VariantName = "[No Variations]"
Add component (AddParameter): Name = "Device Class L2"; Value = "RF / Coaxial Connectors"; VariantName = "[No Variations]"
Add component (AddParameter): Name = "Device Class L3"; Value = "unset"; VariantName = "[No Variations]"
Add component (AddParameter): Name = "Digikey Description"; Value = "CONN SMA JACK STR 50OHM EDGE MNT"; VariantName = "[No Variations]"
Add component (AddParameter): Name = "Frequency"; Value = "12.4GHz"; VariantName = "[No Variations]"
Add component (AddParameter): Name = "Impedance"; Value = "50O"; VariantName = "[No Variations]"
Add component (AddParameter): Name = "Is Female"; Value = "yes"; VariantName = "[No Variations]"
Add component (AddParameter): Name = "Lead Free"; Value = "Yes"; VariantName = "[No Variations]"
Add component (AddParameter): Name = "Manufacturer"; Value = "Taoglas Limited"; VariantName = "[No Variations]"
Add component (AddParameter): Name = "Manufacturer Part Number"; Value = "EMPCB.SMAFSTJ.B.HT"; VariantName = "[No Variations]"
Add component (AddParameter): Name = "Mouser Description"; Value = "RF Connectors / Coaxial Connectors SMA Straight Edge Mount PCB Jack-Gold"; VariantName = "[No Variations]"
Add component (AddParameter): Name = "Number Of Contacts"; Value = "1"; VariantName = "[No Variations]"
Add component (AddParameter): Name = "Octopart"; Value = "https://octopart.com/empcb.smafstj.b.ht-taoglas-24204431"; VariantName = "[No Variations]"
Add component (AddParameter): Name = "Package"; Value = "0"; VariantName = "[No Variations]"
Add component (AddParameter): Name = "Pitch"; Value = "2.62mm"; VariantName = "[No Variations]"
Add component (AddParameter): Name = "Pricing"; Value = "1=3.36, 100=3.27, 500=3.07, 1000=2.86001 (USD)"; VariantName = "[No Variations]"
Add component (AddParameter): Name = "RoHS"; Value = "TRUE"; VariantName = "[No Variations]"
Add component (AddParameter): Name = "Stock"; Value = "9154"; VariantName = "[No Variations]"
Add component (AddParameter): Name = "Supplier"; Value = "Digikey"; VariantName = "[No Variations]"
Add component (AddParameter): Name = "Supplier Part Number"; Value = "931-1175-ND"; VariantName = "[No Variations]"
Add component (AddParameter): Name = "Temperature"; Value = "-40°C to +85°C"; VariantName = "[No Variations]"
Add component (AddParameter): Name = "Temperature Range High"; Value = "+85°C"; VariantName = "[No Variations]"
Add component (AddParameter): Name = "Temperature Range Low"; Value = "-40°C"; VariantName = "[No Variations]"
Add component (AddParameter): Name = "Voltage Rating"; Value = "335V"; VariantName = "[No Variations]"
Added Component: Designator=J?(FP-EMPCB_SMAFSTJ_B_HT-MFG)
Add component (AddParameter): Name = "Automotive"; Value = "No"; VariantName = "[No Variations]"
Add component (AddParameter): Name = "Category"; Value = "Conn"; VariantName = "[No Variations]"
Add component (AddParameter): Name = "ComponentLink1Description"; Value = "https://datasheet.ciiva.com/7002/empcb-smafstj-b-ht-7002266.pdf?src-supplier=Digikey"; VariantName = "[No Variations]"
Add component (AddParameter): Name = "ComponentLink1URL"; Value = "https://datasheet.ciiva.com/7002/empcb-smafstj-b-ht-7002266.pdf?src-supplier=Digikey"; VariantName = "[No Variations]"
Add component (AddParameter): Name = "ComponentLink2Description"; Value = "Datasheet"; VariantName = "[No Variations]"
Add component (AddParameter): Name = "ComponentLink2URL"; Value = "https://cdn.taoglas.com/datasheets/EMPCB.SMAFSTJ.B.HT.pdf"; VariantName = "[No Variations]"
Add component (AddParameter): Name = "ComponentLink3Description"; Value = "https://datasheet.ciiva.com/12398/empcb-smafstj-b-ht-19975-12398062.pdf?src-supplier=Mouser"; VariantName = "[No Variations]"
Add component (AddParameter): Name = "ComponentLink3URL"; Value = "https://datasheet.ciiva.com/12398/empcb-smafstj-b-ht-19975-12398062.pdf?src-supplier=Mouser"; VariantName = "[No Variations]"
Add component (AddParameter): Name = "Conn Orientation"; Value = "Horizontal"; VariantName = "[No Variations]"
Add component (AddParameter): Name = "Contact Material"; Value = "Gold"; VariantName = "[No Variations]"
Add component (AddParameter): Name = "Device Class L1"; Value = "Connectors"; VariantName = "[No Variations]"
Add component (AddParameter): Name = "Device Class L2"; Value = "RF / Coaxial Connectors"; VariantName = "[No Variations]"
Add component (AddParameter): Name = "Device Class L3"; Value = "unset"; VariantName = "[No Variations]"
Add component (AddParameter): Name = "Digikey Description"; Value = "CONN SMA JACK STR 50OHM EDGE MNT"; VariantName = "[No Variations]"
Add component (AddParameter): Name = "Frequency"; Value = "12.4GHz"; VariantName = "[No Variations]"
Add component (AddParameter): Name = "Impedance"; Value = "50O"; VariantName = "[No Variations]"
Add component (AddParameter): Name = "Is Female"; Value = "yes"; VariantName = "[No Variations]"
Add component (AddParameter): Name = "Lead Free"; Value = "Yes"; VariantName = "[No Variations]"
Add component (AddParameter): Name = "Manufacturer"; Value = "Taoglas Limited"; VariantName = "[No Variations]"
Add component (AddParameter): Name = "Manufacturer Part Number"; Value = "EMPCB.SMAFSTJ.B.HT"; VariantName = "[No Variations]"
Add component (AddParameter): Name = "Mouser Description"; Value = "RF Connectors / Coaxial Connectors SMA Straight Edge Mount PCB Jack-Gold"; VariantName = "[No Variations]"
Add component (AddParameter): Name = "Number Of Contacts"; Value = "1"; VariantName = "[No Variations]"
Add component (AddParameter): Name = "Octopart"; Value = "https://octopart.com/empcb.smafstj.b.ht-taoglas-24204431"; VariantName = "[No Variations]"
Add component (AddParameter): Name = "Package"; Value = "0"; VariantName = "[No Variations]"
Add component (AddParameter): Name = "Pitch"; Value = "2.62mm"; VariantName = "[No Variations]"
Add component (AddParameter): Name = "Pricing"; Value = "1=3.36, 100=3.27, 500=3.07, 1000=2.86001 (USD)"; VariantName = "[No Variations]"
Add component (AddParameter): Name = "RoHS"; Value = "TRUE"; VariantName = "[No Variations]"
Add component (AddParameter): Name = "Stock"; Value = "9154"; VariantName = "[No Variations]"
Add component (AddParameter): Name = "Supplier"; Value = "Digikey"; VariantName = "[No Variations]"
Add component (AddParameter): Name = "Supplier Part Number"; Value = "931-1175-ND"; VariantName = "[No Variations]"
Add component (AddParameter): Name = "Temperature"; Value = "-40°C to +85°C"; VariantName = "[No Variations]"
Add component (AddParameter): Name = "Temperature Range High"; Value = "+85°C"; VariantName = "[No Variations]"
Add component (AddParameter): Name = "Temperature Range Low"; Value = "-40°C"; VariantName = "[No Variations]"
Add component (AddParameter): Name = "Voltage Rating"; Value = "335V"; VariantName = "[No Variations]"
Added Component: Designator=J?(FP-EMPCB_SMAFSTJ_B_HT-MFG)
Add component (AddParameter): Name = "Automotive"; Value = "No"; VariantName = "[No Variations]"
Add component (AddParameter): Name = "Category"; Value = "Conn"; VariantName = "[No Variations]"
Add component (AddParameter): Name = "ComponentLink1Description"; Value = "https://datasheet.ciiva.com/7002/empcb-smafstj-b-ht-7002266.pdf?src-supplier=Digikey"; VariantName = "[No Variations]"
Add component (AddParameter): Name = "ComponentLink1URL"; Value = "https://datasheet.ciiva.com/7002/empcb-smafstj-b-ht-7002266.pdf?src-supplier=Digikey"; VariantName = "[No Variations]"
Add component (AddParameter): Name = "ComponentLink2Description"; Value = "Datasheet"; VariantName = "[No Variations]"
Add component (AddParameter): Name = "ComponentLink2URL"; Value = "https://cdn.taoglas.com/datasheets/EMPCB.SMAFSTJ.B.HT.pdf"; VariantName = "[No Variations]"
Add component (AddParameter): Name = "ComponentLink3Description"; Value = "https://datasheet.ciiva.com/12398/empcb-smafstj-b-ht-19975-12398062.pdf?src-supplier=Mouser"; VariantName = "[No Variations]"
Add component (AddParameter): Name = "ComponentLink3URL"; Value = "https://datasheet.ciiva.com/12398/empcb-smafstj-b-ht-19975-12398062.pdf?src-supplier=Mouser"; VariantName = "[No Variations]"
Add component (AddParameter): Name = "Conn Orientation"; Value = "Horizontal"; VariantName = "[No Variations]"
Add component (AddParameter): Name = "Contact Material"; Value = "Gold"; VariantName = "[No Variations]"
Add component (AddParameter): Name = "Device Class L1"; Value = "Connectors"; VariantName = "[No Variations]"
Add component (AddParameter): Name = "Device Class L2"; Value = "RF / Coaxial Connectors"; VariantName = "[No Variations]"
Add component (AddParameter): Name = "Device Class L3"; Value = "unset"; VariantName = "[No Variations]"
Add component (AddParameter): Name = "Digikey Description"; Value = "CONN SMA JACK STR 50OHM EDGE MNT"; VariantName = "[No Variations]"
Add component (AddParameter): Name = "Frequency"; Value = "12.4GHz"; VariantName = "[No Variations]"
Add component (AddParameter): Name = "Impedance"; Value = "50O"; VariantName = "[No Variations]"
Add component (AddParameter): Name = "Is Female"; Value = "yes"; VariantName = "[No Variations]"
Add component (AddParameter): Name = "Lead Free"; Value = "Yes"; VariantName = "[No Variations]"
Add component (AddParameter): Name = "Manufacturer"; Value = "Taoglas Limited"; VariantName = "[No Variations]"
Add component (AddParameter): Name = "Manufacturer Part Number"; Value = "EMPCB.SMAFSTJ.B.HT"; VariantName = "[No Variations]"
Add component (AddParameter): Name = "Mouser Description"; Value = "RF Connectors / Coaxial Connectors SMA Straight Edge Mount PCB Jack-Gold"; VariantName = "[No Variations]"
Add component (AddParameter): Name = "Number Of Contacts"; Value = "1"; VariantName = "[No Variations]"
Add component (AddParameter): Name = "Octopart"; Value = "https://octopart.com/empcb.smafstj.b.ht-taoglas-24204431"; VariantName = "[No Variations]"
Add component (AddParameter): Name = "Package"; Value = "0"; VariantName = "[No Variations]"
Add component (AddParameter): Name = "Pitch"; Value = "2.62mm"; VariantName = "[No Variations]"
Add component (AddParameter): Name = "Pricing"; Value = "1=3.36, 100=3.27, 500=3.07, 1000=2.86001 (USD)"; VariantName = "[No Variations]"
Add component (AddParameter): Name = "RoHS"; Value = "TRUE"; VariantName = "[No Variations]"
Add component (AddParameter): Name = "Stock"; Value = "9154"; VariantName = "[No Variations]"
Add component (AddParameter): Name = "Supplier"; Value = "Digikey"; VariantName = "[No Variations]"
Add component (AddParameter): Name = "Supplier Part Number"; Value = "931-1175-ND"; VariantName = "[No Variations]"
Add component (AddParameter): Name = "Temperature"; Value = "-40°C to +85°C"; VariantName = "[No Variations]"
Add component (AddParameter): Name = "Temperature Range High"; Value = "+85°C"; VariantName = "[No Variations]"
Add component (AddParameter): Name = "Temperature Range Low"; Value = "-40°C"; VariantName = "[No Variations]"
Add component (AddParameter): Name = "Voltage Rating"; Value = "335V"; VariantName = "[No Variations]"
Added Component: Designator=J?(FP-EMPCB_SMAFSTJ_B_HT-MFG)
Add component (AddParameter): Name = "Automotive"; Value = "No"; VariantName = "[No Variations]"
Add component (AddParameter): Name = "Category"; Value = "Conn"; VariantName = "[No Variations]"
Add component (AddParameter): Name = "ComponentLink1Description"; Value = "https://datasheet.ciiva.com/7002/empcb-smafstj-b-ht-7002266.pdf?src-supplier=Digikey"; VariantName = "[No Variations]"
Add component (AddParameter): Name = "ComponentLink1URL"; Value = "https://datasheet.ciiva.com/7002/empcb-smafstj-b-ht-7002266.pdf?src-supplier=Digikey"; VariantName = "[No Variations]"
Add component (AddParameter): Name = "ComponentLink2Description"; Value = "Datasheet"; VariantName = "[No Variations]"
Add component (AddParameter): Name = "ComponentLink2URL"; Value = "https://cdn.taoglas.com/datasheets/EMPCB.SMAFSTJ.B.HT.pdf"; VariantName = "[No Variations]"
Add component (AddParameter): Name = "ComponentLink3Description"; Value = "https://datasheet.ciiva.com/12398/empcb-smafstj-b-ht-19975-12398062.pdf?src-supplier=Mouser"; VariantName = "[No Variations]"
Add component (AddParameter): Name = "ComponentLink3URL"; Value = "https://datasheet.ciiva.com/12398/empcb-smafstj-b-ht-19975-12398062.pdf?src-supplier=Mouser"; VariantName = "[No Variations]"
Add component (AddParameter): Name = "Conn Orientation"; Value = "Horizontal"; VariantName = "[No Variations]"
Add component (AddParameter): Name = "Contact Material"; Value = "Gold"; VariantName = "[No Variations]"
Add component (AddParameter): Name = "Device Class L1"; Value = "Connectors"; VariantName = "[No Variations]"
Add component (AddParameter): Name = "Device Class L2"; Value = "RF / Coaxial Connectors"; VariantName = "[No Variations]"
Add component (AddParameter): Name = "Device Class L3"; Value = "unset"; VariantName = "[No Variations]"
Add component (AddParameter): Name = "Digikey Description"; Value = "CONN SMA JACK STR 50OHM EDGE MNT"; VariantName = "[No Variations]"
Add component (AddParameter): Name = "Frequency"; Value = "12.4GHz"; VariantName = "[No Variations]"
Add component (AddParameter): Name = "Impedance"; Value = "50O"; VariantName = "[No Variations]"
Add component (AddParameter): Name = "Is Female"; Value = "yes"; VariantName = "[No Variations]"
Add component (AddParameter): Name = "Lead Free"; Value = "Yes"; VariantName = "[No Variations]"
Add component (AddParameter): Name = "Manufacturer"; Value = "Taoglas Limited"; VariantName = "[No Variations]"
Add component (AddParameter): Name = "Manufacturer Part Number"; Value = "EMPCB.SMAFSTJ.B.HT"; VariantName = "[No Variations]"
Add component (AddParameter): Name = "Mouser Description"; Value = "RF Connectors / Coaxial Connectors SMA Straight Edge Mount PCB Jack-Gold"; VariantName = "[No Variations]"
Add component (AddParameter): Name = "Number Of Contacts"; Value = "1"; VariantName = "[No Variations]"
Add component (AddParameter): Name = "Octopart"; Value = "https://octopart.com/empcb.smafstj.b.ht-taoglas-24204431"; VariantName = "[No Variations]"
Add component (AddParameter): Name = "Package"; Value = "0"; VariantName = "[No Variations]"
Add component (AddParameter): Name = "Pitch"; Value = "2.62mm"; VariantName = "[No Variations]"
Add component (AddParameter): Name = "Pricing"; Value = "1=3.36, 100=3.27, 500=3.07, 1000=2.86001 (USD)"; VariantName = "[No Variations]"
Add component (AddParameter): Name = "RoHS"; Value = "TRUE"; VariantName = "[No Variations]"
Add component (AddParameter): Name = "Stock"; Value = "9154"; VariantName = "[No Variations]"
Add component (AddParameter): Name = "Supplier"; Value = "Digikey"; VariantName = "[No Variations]"
Add component (AddParameter): Name = "Supplier Part Number"; Value = "931-1175-ND"; VariantName = "[No Variations]"
Add component (AddParameter): Name = "Temperature"; Value = "-40°C to +85°C"; VariantName = "[No Variations]"
Add component (AddParameter): Name = "Temperature Range High"; Value = "+85°C"; VariantName = "[No Variations]"
Add component (AddParameter): Name = "Temperature Range Low"; Value = "-40°C"; VariantName = "[No Variations]"
Add component (AddParameter): Name = "Voltage Rating"; Value = "335V"; VariantName = "[No Variations]"
Added Component: Designator=J?(FP-EMPCB_SMAFSTJ_B_HT-MFG)
Add component (AddParameter): Name = "Automotive"; Value = "No"; VariantName = "[No Variations]"
Add component (AddParameter): Name = "Category"; Value = "Conn"; VariantName = "[No Variations]"
Add component (AddParameter): Name = "ComponentLink1Description"; Value = "https://datasheet.ciiva.com/7002/empcb-smafstj-b-ht-7002266.pdf?src-supplier=Digikey"; VariantName = "[No Variations]"
Add component (AddParameter): Name = "ComponentLink1URL"; Value = "https://datasheet.ciiva.com/7002/empcb-smafstj-b-ht-7002266.pdf?src-supplier=Digikey"; VariantName = "[No Variations]"
Add component (AddParameter): Name = "ComponentLink2Description"; Value = "Datasheet"; VariantName = "[No Variations]"
Add component (AddParameter): Name = "ComponentLink2URL"; Value = "https://cdn.taoglas.com/datasheets/EMPCB.SMAFSTJ.B.HT.pdf"; VariantName = "[No Variations]"
Add component (AddParameter): Name = "ComponentLink3Description"; Value = "https://datasheet.ciiva.com/12398/empcb-smafstj-b-ht-19975-12398062.pdf?src-supplier=Mouser"; VariantName = "[No Variations]"
Add component (AddParameter): Name = "ComponentLink3URL"; Value = "https://datasheet.ciiva.com/12398/empcb-smafstj-b-ht-19975-12398062.pdf?src-supplier=Mouser"; VariantName = "[No Variations]"
Add component (AddParameter): Name = "Conn Orientation"; Value = "Horizontal"; VariantName = "[No Variations]"
Add component (AddParameter): Name = "Contact Material"; Value = "Gold"; VariantName = "[No Variations]"
Add component (AddParameter): Name = "Device Class L1"; Value = "Connectors"; VariantName = "[No Variations]"
Add component (AddParameter): Name = "Device Class L2"; Value = "RF / Coaxial Connectors"; VariantName = "[No Variations]"
Add component (AddParameter): Name = "Device Class L3"; Value = "unset"; VariantName = "[No Variations]"
Add component (AddParameter): Name = "Digikey Description"; Value = "CONN SMA JACK STR 50OHM EDGE MNT"; VariantName = "[No Variations]"
Add component (AddParameter): Name = "Frequency"; Value = "12.4GHz"; VariantName = "[No Variations]"
Add component (AddParameter): Name = "Impedance"; Value = "50O"; VariantName = "[No Variations]"
Add component (AddParameter): Name = "Is Female"; Value = "yes"; VariantName = "[No Variations]"
Add component (AddParameter): Name = "Lead Free"; Value = "Yes"; VariantName = "[No Variations]"
Add component (AddParameter): Name = "Manufacturer"; Value = "Taoglas Limited"; VariantName = "[No Variations]"
Add component (AddParameter): Name = "Manufacturer Part Number"; Value = "EMPCB.SMAFSTJ.B.HT"; VariantName = "[No Variations]"
Add component (AddParameter): Name = "Mouser Description"; Value = "RF Connectors / Coaxial Connectors SMA Straight Edge Mount PCB Jack-Gold"; VariantName = "[No Variations]"
Add component (AddParameter): Name = "Number Of Contacts"; Value = "1"; VariantName = "[No Variations]"
Add component (AddParameter): Name = "Octopart"; Value = "https://octopart.com/empcb.smafstj.b.ht-taoglas-24204431"; VariantName = "[No Variations]"
Add component (AddParameter): Name = "Package"; Value = "0"; VariantName = "[No Variations]"
Add component (AddParameter): Name = "Pitch"; Value = "2.62mm"; VariantName = "[No Variations]"
Add component (AddParameter): Name = "Pricing"; Value = "1=3.36, 100=3.27, 500=3.07, 1000=2.86001 (USD)"; VariantName = "[No Variations]"
Add component (AddParameter): Name = "RoHS"; Value = "TRUE"; VariantName = "[No Variations]"
Add component (AddParameter): Name = "Stock"; Value = "9154"; VariantName = "[No Variations]"
Add component (AddParameter): Name = "Supplier"; Value = "Digikey"; VariantName = "[No Variations]"
Add component (AddParameter): Name = "Supplier Part Number"; Value = "931-1175-ND"; VariantName = "[No Variations]"
Add component (AddParameter): Name = "Temperature"; Value = "-40°C to +85°C"; VariantName = "[No Variations]"
Add component (AddParameter): Name = "Temperature Range High"; Value = "+85°C"; VariantName = "[No Variations]"
Add component (AddParameter): Name = "Temperature Range Low"; Value = "-40°C"; VariantName = "[No Variations]"
Add component (AddParameter): Name = "Voltage Rating"; Value = "335V"; VariantName = "[No Variations]"
Added Component: Designator=J?(FP-EMPCB_SMAFSTJ_B_HT-MFG)
Add component (AddParameter): Name = "Automotive"; Value = "No"; VariantName = "[No Variations]"
Add component (AddParameter): Name = "Category"; Value = "Conn"; VariantName = "[No Variations]"
Add component (AddParameter): Name = "ComponentLink1Description"; Value = "https://datasheet.ciiva.com/7002/empcb-smafstj-b-ht-7002266.pdf?src-supplier=Digikey"; VariantName = "[No Variations]"
Add component (AddParameter): Name = "ComponentLink1URL"; Value = "https://datasheet.ciiva.com/7002/empcb-smafstj-b-ht-7002266.pdf?src-supplier=Digikey"; VariantName = "[No Variations]"
Add component (AddParameter): Name = "ComponentLink2Description"; Value = "Datasheet"; VariantName = "[No Variations]"
Add component (AddParameter): Name = "ComponentLink2URL"; Value = "https://cdn.taoglas.com/datasheets/EMPCB.SMAFSTJ.B.HT.pdf"; VariantName = "[No Variations]"
Add component (AddParameter): Name = "ComponentLink3Description"; Value = "https://datasheet.ciiva.com/12398/empcb-smafstj-b-ht-19975-12398062.pdf?src-supplier=Mouser"; VariantName = "[No Variations]"
Add component (AddParameter): Name = "ComponentLink3URL"; Value = "https://datasheet.ciiva.com/12398/empcb-smafstj-b-ht-19975-12398062.pdf?src-supplier=Mouser"; VariantName = "[No Variations]"
Add component (AddParameter): Name = "Conn Orientation"; Value = "Horizontal"; VariantName = "[No Variations]"
Add component (AddParameter): Name = "Contact Material"; Value = "Gold"; VariantName = "[No Variations]"
Add component (AddParameter): Name = "Device Class L1"; Value = "Connectors"; VariantName = "[No Variations]"
Add component (AddParameter): Name = "Device Class L2"; Value = "RF / Coaxial Connectors"; VariantName = "[No Variations]"
Add component (AddParameter): Name = "Device Class L3"; Value = "unset"; VariantName = "[No Variations]"
Add component (AddParameter): Name = "Digikey Description"; Value = "CONN SMA JACK STR 50OHM EDGE MNT"; VariantName = "[No Variations]"
Add component (AddParameter): Name = "Frequency"; Value = "12.4GHz"; VariantName = "[No Variations]"
Add component (AddParameter): Name = "Impedance"; Value = "50O"; VariantName = "[No Variations]"
Add component (AddParameter): Name = "Is Female"; Value = "yes"; VariantName = "[No Variations]"
Add component (AddParameter): Name = "Lead Free"; Value = "Yes"; VariantName = "[No Variations]"
Add component (AddParameter): Name = "Manufacturer"; Value = "Taoglas Limited"; VariantName = "[No Variations]"
Add component (AddParameter): Name = "Manufacturer Part Number"; Value = "EMPCB.SMAFSTJ.B.HT"; VariantName = "[No Variations]"
Add component (AddParameter): Name = "Mouser Description"; Value = "RF Connectors / Coaxial Connectors SMA Straight Edge Mount PCB Jack-Gold"; VariantName = "[No Variations]"
Add component (AddParameter): Name = "Number Of Contacts"; Value = "1"; VariantName = "[No Variations]"
Add component (AddParameter): Name = "Octopart"; Value = "https://octopart.com/empcb.smafstj.b.ht-taoglas-24204431"; VariantName = "[No Variations]"
Add component (AddParameter): Name = "Package"; Value = "0"; VariantName = "[No Variations]"
Add component (AddParameter): Name = "Pitch"; Value = "2.62mm"; VariantName = "[No Variations]"
Add component (AddParameter): Name = "Pricing"; Value = "1=3.36, 100=3.27, 500=3.07, 1000=2.86001 (USD)"; VariantName = "[No Variations]"
Add component (AddParameter): Name = "RoHS"; Value = "TRUE"; VariantName = "[No Variations]"
Add component (AddParameter): Name = "Stock"; Value = "9154"; VariantName = "[No Variations]"
Add component (AddParameter): Name = "Supplier"; Value = "Digikey"; VariantName = "[No Variations]"
Add component (AddParameter): Name = "Supplier Part Number"; Value = "931-1175-ND"; VariantName = "[No Variations]"
Add component (AddParameter): Name = "Temperature"; Value = "-40°C to +85°C"; VariantName = "[No Variations]"
Add component (AddParameter): Name = "Temperature Range High"; Value = "+85°C"; VariantName = "[No Variations]"
Add component (AddParameter): Name = "Temperature Range Low"; Value = "-40°C"; VariantName = "[No Variations]"
Add component (AddParameter): Name = "Voltage Rating"; Value = "335V"; VariantName = "[No Variations]"
Added Pin To Net: NetName=DOUT1A Pin=J?-1
Added Pin To Net: NetName=DOUT1A Pin=J?-1
Added Pin To Net: NetName=SC1B1 Pin=J?-1
Added Pin To Net: NetName=SC1B2 Pin=J?-1
Added Pin To Net: NetName=SC2B1 Pin=J?-1
Added Pin To Net: NetName=SC2B2 Pin=J?-1
Added Pin To Net: NetName=GND Pin=J?-2
Added Pin To Net: NetName=GND Pin=J?-2
Added Pin To Net: NetName=GND Pin=J?-2
Added Pin To Net: NetName=GND Pin=J?-2
Added Pin To Net: NetName=GND Pin=J?-2
Added Pin To Net: NetName=GND Pin=J?-2
Added Pin To Net: NetName=GND Pin=J?-3
Added Pin To Net: NetName=GND Pin=J?-3
Added Pin To Net: NetName=GND Pin=J?-3
Added Pin To Net: NetName=GND Pin=J?-3
Added Pin To Net: NetName=GND Pin=J?-3
Added Pin To Net: NetName=GND Pin=J?-3
Added Pin To Net: NetName=GND Pin=J?-4
Added Pin To Net: NetName=GND Pin=J?-4
Added Pin To Net: NetName=GND Pin=J?-4
Added Pin To Net: NetName=GND Pin=J?-4
Added Pin To Net: NetName=GND Pin=J?-4
Added Pin To Net: NetName=GND Pin=J?-4
Added Pin To Net: NetName=GND Pin=J?-5
Added Pin To Net: NetName=GND Pin=J?-5
Added Pin To Net: NetName=GND Pin=J?-5
Added Pin To Net: NetName=GND Pin=J?-5
Added Pin To Net: NetName=GND Pin=J?-5
Added Pin To Net: NetName=GND Pin=J?-5
Added Pin To Net: NetName=DOUT2A Pin=U8-9
Added Net: Name=DOUT2A
Added Member To Class: ClassName=THE_FIRST Member=Component J? EMPCB.SMAFSTJ.B.HT
Added Member To Class: ClassName=THE_FIRST Member=Component J? EMPCB.SMAFSTJ.B.HT
Added Member To Class: ClassName=THE_FIRST Member=Component J? EMPCB.SMAFSTJ.B.HT
Added Member To Class: ClassName=THE_FIRST Member=Component J? EMPCB.SMAFSTJ.B.HT
Added Member To Class: ClassName=THE_FIRST Member=Component J? EMPCB.SMAFSTJ.B.HT
Added Member To Class: ClassName=THE_FIRST Member=Component J? EMPCB.SMAFSTJ.B.HT
